<?xml version="1.0" encoding="UTF-8"?>
<testng-results skipped="0" failed="0" ignored="2" total="4" passed="2">
  <reporter-output>
  </reporter-output>
  <suite name="Suite" duration-ms="36" started-at="2017-11-21T09:54:32Z" finished-at="2017-11-21T09:54:32Z">
    <groups>
      <group name="GAGAN">
        <method signature="NewTest01.f()[pri:0, instance:testPackage.NewTest01@7c16905e]" name="f" class="testPackage.NewTest01"/>
        <method signature="NewTest02.f1()[pri:0, instance:testPackage.NewTest02@20e2cbe0]" name="f1" class="testPackage.NewTest02"/>
      </group> <!-- GAGAN -->
    </groups>
    <test name="Test" duration-ms="36" started-at="2017-11-21T09:54:32Z" finished-at="2017-11-21T09:54:32Z">
      <class name="testPackage.NewTest02">
        <test-method status="PASS" signature="f1()[pri:0, instance:testPackage.NewTest02@20e2cbe0]" name="f1" duration-ms="1" started-at="2017-11-21T15:24:32Z" finished-at="2017-11-21T15:24:32Z">
          <reporter-output>
          </reporter-output>
        </test-method> <!-- f1 -->
      </class> <!-- testPackage.NewTest02 -->
      <class name="testPackage.NewTest01">
        <test-method status="PASS" signature="f()[pri:0, instance:testPackage.NewTest01@7c16905e]" name="f" duration-ms="12" started-at="2017-11-21T15:24:32Z" finished-at="2017-11-21T15:24:32Z">
          <reporter-output>
          </reporter-output>
        </test-method> <!-- f -->
      </class> <!-- testPackage.NewTest01 -->
    </test> <!-- Test -->
  </suite> <!-- Suite -->
</testng-results>
