<?xml version="1.0" encoding="UTF-8"?>
<!-- Generated by org.testng.reporters.JUnitXMLReporter -->
<testsuite hostname="CHDSEZ318971D" ignored="2" name="Test" tests="2" failures="0" timestamp="21 Nov 2017 09:54:32 GMT" time="0.036" errors="0">
  <testcase name="f" time="0.012" classname="testPackage.NewTest01"/>
  <testcase name="f1" time="0.001" classname="testPackage.NewTest02"/>
  <testcase name="f2" time="0.0" classname="testPackage.NewTest02">
    <ignored/>
  </testcase> <!-- f2 -->
  <testcase name="f2" time="0.0" classname="testPackage.NewTest01">
    <ignored/>
  </testcase> <!-- f2 -->
</testsuite> <!-- Test -->
